Arguments: 
  C:\Program Files\nodejs\node.exe C:\Users\putut\AppData\Roaming\npm\node_modules\yarn\bin\yarn.js start

PATH: 
  C:\Program Files\Common Files\Oracle\Java\javapath;C:\WINDOWS\system32;C:\WINDOWS;C:\WINDOWS\System32\Wbem;C:\WINDOWS\System32\WindowsPowerShell\v1.0\;C:\WINDOWS\System32\OpenSSH\;C:\xampp\php;C:\Program Files\Microsoft VS Code\bin;C:\Program Files\dotnet\;C:\Program Files\Git\cmd;C:\Program Files\Java\jdk-17.0.2\bin;C:\composer;C:\src\flutter\bin;C:\Program Files\Go\bin;C:\Program Files\Microsoft SQL Server\Client SDK\ODBC\170\Tools\Binn\;C:\Program Files (x86)\Microsoft SQL Server\150\Tools\Binn\;C:\Program Files\Microsoft SQL Server\150\Tools\Binn\;C:\Program Files\Microsoft SQL Server\150\DTS\Binn\;C:\Program Files (x86)\Microsoft SQL Server\150\DTS\Binn\;C:\Program Files\Azure Data Studio\bin;C:\Program Files\nodejs\;C:\Users\putut\AppData\Local\Programs\Python\Python310\Scripts\;C:\Users\putut\AppData\Local\Programs\Python\Python310\;C:\Users\putut\AppData\Local\Microsoft\WindowsApps;C:\Users\putut\AppData\Roaming\Composer\vendor\bin;C:\src\flutter\bin;C:\Users\putut\go\bin;C:\Program Files\Azure Data Studio\bin;C:\Grader;C:\Users\putut\AppData\Roaming\npm;C:\Users\putut\AppData\Local\Android\Sdk\platform-tools;

Yarn version: 
  1.22.19

Node version: 
  18.16.0

Platform: 
  win32 x64

Trace: 
  SyntaxError: C:\react_native_1\food_delivery\package.json: Unexpected token } in JSON at position 579
      at JSON.parse (<anonymous>)
      at C:\Users\putut\AppData\Roaming\npm\node_modules\yarn\lib\cli.js:1629:59
      at Generator.next (<anonymous>)
      at step (C:\Users\putut\AppData\Roaming\npm\node_modules\yarn\lib\cli.js:310:30)
      at C:\Users\putut\AppData\Roaming\npm\node_modules\yarn\lib\cli.js:321:13

npm manifest: 
  {
    "name": "food_delivery",
    "version": "1.0.0",
    "main": "node_modules/expo/AppEntry.js",
    "scripts": {
      "start": "expo start",
      "android": "expo start --android",
      "ios": "expo start --ios",
      "web": "expo start --web"
    },
    "dependencies": {
      "@react-navigation/native": "^6.1.6",
      "@react-navigation/native-stack": "^6.9.12",
      "expo": "~48.0.18",
      "expo-status-bar": "~1.4.4",
      "nativewind": "^2.0.11",
      "react": "18.2.0",
      "react-native": "0.71.8",
      "react-native-safe-area-context": "4.5.0",
      "react-native-screens": "~3.20.0",
    },
    "devDependencies": {
      "@babel/core": "^7.20.0"
    },
    "private": false
  }

yarn manifest: 
  No manifest

Lockfile: 
  No lockfile
